<?xml version="1.0" encoding="UTF-8"?>
<testsuite xmlns:xsi="http://www.w3.org/2001/XMLSchema-instance" xsi:noNamespaceSchemaLocation="https://maven.apache.org/surefire/maven-surefire-plugin/xsd/surefire-test-report-3.0.xsd" version="3.0" name="com.HotelTremvago.HotelTremvago.controllers.QuartoControllerTest" time="6.915" tests="10" errors="0" skipped="0" failures="0">
  <properties>
[...]
</properties>
  <testcase name="testCriarQuarto" classname="com.HotelTremvago.HotelTremvago.controllers.QuartoControllerTest" time="0.059">
    <system-out><![CDATA[23:55:18.669 [main] INFO org.springframework.test.context.support.AnnotationConfigContextLoaderUtils -- Could not detect default configuration classes for test class [com.HotelTremvago.HotelTremvago.controllers.QuartoControllerTest]: QuartoControllerTest does not declare any static, non-private, non-final, nested classes annotated with @Configuration.
23:55:18.833 [main] INFO org.springframework.boot.test.context.SpringBootTestContextBootstrapper -- Found @SpringBootConfiguration com.HotelTremvago.HotelTremvago.HotelTremvagoApplication for test class com.HotelTremvago.HotelTremvago.controllers.QuartoControllerTest

  .   ____          _            __ _ _
 /\\ / ___'_ __ _ _(_)_ __  __ _ \ \ \ \
( ( )\___ | '_ | '_| | '_ \/ _` | \ \ \ \
 \\/  ___)| |_)| | | | | || (_| |  ) ) ) )
  '  |____| .__|_| |_|_| |_\__, | / / / /
 =========|_|==============|___/=/_/_/_/

 :: Spring Boot ::                (v3.3.2)

2024-09-18T23:55:19.293-04:00  INFO 8780 --- [HotelTremvago] [           main] c.H.H.controllers.QuartoControllerTest   : Starting QuartoControllerTest using Java 17.0.12 with PID 8780 (started by gustavo in /home/gustavo/IdeaProjects/debugHotel)
2024-09-18T23:55:19.295-04:00  INFO 8780 --- [HotelTremvago] [           main] c.H.H.controllers.QuartoControllerTest   : No active profile set, falling back to 1 default profile: "default"
2024-09-18T23:55:19.980-04:00  INFO 8780 --- [HotelTremvago] [           main] .s.d.r.c.RepositoryConfigurationDelegate : Bootstrapping Spring Data JPA repositories in DEFAULT mode.
2024-09-18T23:55:20.053-04:00  INFO 8780 --- [HotelTremvago] [           main] .s.d.r.c.RepositoryConfigurationDelegate : Finished Spring Data repository scanning in 63 ms. Found 7 JPA repository interfaces.
2024-09-18T23:55:21.693-04:00  INFO 8780 --- [HotelTremvago] [           main] o.hibernate.jpa.internal.util.LogHelper  : HHH000204: Processing PersistenceUnitInfo [name: default]
2024-09-18T23:55:21.792-04:00  INFO 8780 --- [HotelTremvago] [           main] org.hibernate.Version                    : HHH000412: Hibernate ORM core version 6.5.2.Final
2024-09-18T23:55:21.847-04:00  INFO 8780 --- [HotelTremvago] [           main] o.h.c.internal.RegionFactoryInitiator    : HHH000026: Second-level cache disabled
2024-09-18T23:55:22.059-04:00  INFO 8780 --- [HotelTremvago] [           main] o.s.o.j.p.SpringPersistenceUnitInfo      : No LoadTimeWeaver setup: ignoring JPA class transformer
2024-09-18T23:55:22.101-04:00  INFO 8780 --- [HotelTremvago] [           main] com.zaxxer.hikari.HikariDataSource       : HikariPool-1 - Starting...
2024-09-18T23:55:22.340-04:00  INFO 8780 --- [HotelTremvago] [           main] com.zaxxer.hikari.pool.HikariPool        : HikariPool-1 - Added connection org.postgresql.jdbc.PgConnection@2b0061b7
2024-09-18T23:55:22.343-04:00  INFO 8780 --- [HotelTremvago] [           main] com.zaxxer.hikari.HikariDataSource       : HikariPool-1 - Start completed.
2024-09-18T23:55:22.393-04:00  WARN 8780 --- [HotelTremvago] [           main] org.hibernate.orm.deprecation            : HHH90000025: PostgreSQLDialect does not need to be specified explicitly using 'hibernate.dialect' (remove the property setting and it will be selected by default)
2024-09-18T23:55:23.922-04:00  INFO 8780 --- [HotelTremvago] [           main] o.h.e.t.j.p.i.JtaPlatformInitiator       : HHH000489: No JTA platform available (set 'hibernate.transaction.jta.platform' to enable JTA platform integration)
Hibernate: alter table if exists hospede drop constraint if exists FKr7yitqlpfq9yf4fq79djhjlhc
2024-09-18T23:55:23.951-04:00  WARN 8780 --- [HotelTremvago] [           main] o.h.engine.jdbc.spi.SqlExceptionHelper   : SQL Warning Code: 0, SQLState: 00000
2024-09-18T23:55:23.951-04:00  WARN 8780 --- [HotelTremvago] [           main] o.h.engine.jdbc.spi.SqlExceptionHelper   : no existe la relación «hospede», omitiendo
Hibernate: alter table if exists hotel drop constraint if exists FKqi5vy3k0knh5bw98ver15s26v
2024-09-18T23:55:23.952-04:00  WARN 8780 --- [HotelTremvago] [           main] o.h.engine.jdbc.spi.SqlExceptionHelper   : SQL Warning Code: 0, SQLState: 00000
2024-09-18T23:55:23.952-04:00  WARN 8780 --- [HotelTremvago] [           main] o.h.engine.jdbc.spi.SqlExceptionHelper   : no existe la relación «hotel», omitiendo
Hibernate: alter table if exists quarto drop constraint if exists FKbhu21vdpg3s8bu57c3d9f7ldr
2024-09-18T23:55:23.953-04:00  WARN 8780 --- [HotelTremvago] [           main] o.h.engine.jdbc.spi.SqlExceptionHelper   : SQL Warning Code: 0, SQLState: 00000
2024-09-18T23:55:23.953-04:00  WARN 8780 --- [HotelTremvago] [           main] o.h.engine.jdbc.spi.SqlExceptionHelper   : no existe la relación «quarto», omitiendo
Hibernate: alter table if exists quarto drop constraint if exists FK67cou8v3w87jg7p584wd5l12b
2024-09-18T23:55:23.954-04:00  WARN 8780 --- [HotelTremvago] [           main] o.h.engine.jdbc.spi.SqlExceptionHelper   : SQL Warning Code: 0, SQLState: 00000
2024-09-18T23:55:23.954-04:00  WARN 8780 --- [HotelTremvago] [           main] o.h.engine.jdbc.spi.SqlExceptionHelper   : no existe la relación «quarto», omitiendo
Hibernate: alter table if exists reserva drop constraint if exists FKll90wdpmqcpwh6car9093ehxy
2024-09-18T23:55:23.955-04:00  WARN 8780 --- [HotelTremvago] [           main] o.h.engine.jdbc.spi.SqlExceptionHelper   : SQL Warning Code: 0, SQLState: 00000
2024-09-18T23:55:23.955-04:00  WARN 8780 --- [HotelTremvago] [           main] o.h.engine.jdbc.spi.SqlExceptionHelper   : no existe la relación «reserva», omitiendo
Hibernate: alter table if exists reserva drop constraint if exists FKiad9w96t12u3ms2ul93l97mel
2024-09-18T23:55:23.956-04:00  WARN 8780 --- [HotelTremvago] [           main] o.h.engine.jdbc.spi.SqlExceptionHelper   : SQL Warning Code: 0, SQLState: 00000
2024-09-18T23:55:23.956-04:00  WARN 8780 --- [HotelTremvago] [           main] o.h.engine.jdbc.spi.SqlExceptionHelper   : no existe la relación «reserva», omitiendo
Hibernate: alter table if exists reserva_hospede drop constraint if exists FKs2q76s2c0bcra2gbemvryqd1a
2024-09-18T23:55:23.957-04:00  WARN 8780 --- [HotelTremvago] [           main] o.h.engine.jdbc.spi.SqlExceptionHelper   : SQL Warning Code: 0, SQLState: 00000
2024-09-18T23:55:23.957-04:00  WARN 8780 --- [HotelTremvago] [           main] o.h.engine.jdbc.spi.SqlExceptionHelper   : no existe la relación «reserva_hospede», omitiendo
Hibernate: alter table if exists reserva_hospede drop constraint if exists FKr1e0k9gy50ak1b9188no2ccrq
2024-09-18T23:55:23.958-04:00  WARN 8780 --- [HotelTremvago] [           main] o.h.engine.jdbc.spi.SqlExceptionHelper   : SQL Warning Code: 0, SQLState: 00000
2024-09-18T23:55:23.959-04:00  WARN 8780 --- [HotelTremvago] [           main] o.h.engine.jdbc.spi.SqlExceptionHelper   : no existe la relación «reserva_hospede», omitiendo
Hibernate: alter table if exists reserva_hotel drop constraint if exists FKfwrc1woy4rdh0vwgdgx6tugll
2024-09-18T23:55:23.960-04:00  WARN 8780 --- [HotelTremvago] [           main] o.h.engine.jdbc.spi.SqlExceptionHelper   : SQL Warning Code: 0, SQLState: 00000
2024-09-18T23:55:23.960-04:00  WARN 8780 --- [HotelTremvago] [           main] o.h.engine.jdbc.spi.SqlExceptionHelper   : no existe la relación «reserva_hotel», omitiendo
Hibernate: alter table if exists reserva_hotel drop constraint if exists FKa84o8yn4b262mbm8rxrsg1p7v
2024-09-18T23:55:23.961-04:00  WARN 8780 --- [HotelTremvago] [           main] o.h.engine.jdbc.spi.SqlExceptionHelper   : SQL Warning Code: 0, SQLState: 00000
2024-09-18T23:55:23.961-04:00  WARN 8780 --- [HotelTremvago] [           main] o.h.engine.jdbc.spi.SqlExceptionHelper   : no existe la relación «reserva_hotel», omitiendo
Hibernate: drop table if exists cidade cascade
2024-09-18T23:55:23.962-04:00  WARN 8780 --- [HotelTremvago] [           main] o.h.engine.jdbc.spi.SqlExceptionHelper   : SQL Warning Code: 0, SQLState: 00000
2024-09-18T23:55:23.962-04:00  WARN 8780 --- [HotelTremvago] [           main] o.h.engine.jdbc.spi.SqlExceptionHelper   : la tabla «cidade» no existe, omitiendo
Hibernate: drop table if exists hospede cascade
2024-09-18T23:55:23.963-04:00  WARN 8780 --- [HotelTremvago] [           main] o.h.engine.jdbc.spi.SqlExceptionHelper   : SQL Warning Code: 0, SQLState: 00000
2024-09-18T23:55:23.963-04:00  WARN 8780 --- [HotelTremvago] [           main] o.h.engine.jdbc.spi.SqlExceptionHelper   : la tabla «hospede» no existe, omitiendo
Hibernate: drop table if exists hotel cascade
2024-09-18T23:55:23.964-04:00  WARN 8780 --- [HotelTremvago] [           main] o.h.engine.jdbc.spi.SqlExceptionHelper   : SQL Warning Code: 0, SQLState: 00000
2024-09-18T23:55:23.964-04:00  WARN 8780 --- [HotelTremvago] [           main] o.h.engine.jdbc.spi.SqlExceptionHelper   : la tabla «hotel» no existe, omitiendo
Hibernate: drop table if exists quarto cascade
2024-09-18T23:55:23.965-04:00  WARN 8780 --- [HotelTremvago] [           main] o.h.engine.jdbc.spi.SqlExceptionHelper   : SQL Warning Code: 0, SQLState: 00000
2024-09-18T23:55:23.965-04:00  WARN 8780 --- [HotelTremvago] [           main] o.h.engine.jdbc.spi.SqlExceptionHelper   : la tabla «quarto» no existe, omitiendo
Hibernate: drop table if exists reserva cascade
2024-09-18T23:55:23.966-04:00  WARN 8780 --- [HotelTremvago] [           main] o.h.engine.jdbc.spi.SqlExceptionHelper   : SQL Warning Code: 0, SQLState: 00000
2024-09-18T23:55:23.966-04:00  WARN 8780 --- [HotelTremvago] [           main] o.h.engine.jdbc.spi.SqlExceptionHelper   : la tabla «reserva» no existe, omitiendo
Hibernate: drop table if exists reserva_hospede cascade
2024-09-18T23:55:23.967-04:00  WARN 8780 --- [HotelTremvago] [           main] o.h.engine.jdbc.spi.SqlExceptionHelper   : SQL Warning Code: 0, SQLState: 00000
2024-09-18T23:55:23.967-04:00  WARN 8780 --- [HotelTremvago] [           main] o.h.engine.jdbc.spi.SqlExceptionHelper   : la tabla «reserva_hospede» no existe, omitiendo
Hibernate: drop table if exists reserva_hotel cascade
2024-09-18T23:55:23.968-04:00  WARN 8780 --- [HotelTremvago] [           main] o.h.engine.jdbc.spi.SqlExceptionHelper   : SQL Warning Code: 0, SQLState: 00000
2024-09-18T23:55:23.968-04:00  WARN 8780 --- [HotelTremvago] [           main] o.h.engine.jdbc.spi.SqlExceptionHelper   : la tabla «reserva_hotel» no existe, omitiendo
Hibernate: drop table if exists tipo_quarto cascade
2024-09-18T23:55:23.969-04:00  WARN 8780 --- [HotelTremvago] [           main] o.h.engine.jdbc.spi.SqlExceptionHelper   : SQL Warning Code: 0, SQLState: 00000
2024-09-18T23:55:23.969-04:00  WARN 8780 --- [HotelTremvago] [           main] o.h.engine.jdbc.spi.SqlExceptionHelper   : la tabla «tipo_quarto» no existe, omitiendo
Hibernate: drop table if exists usuario cascade
2024-09-18T23:55:23.970-04:00  WARN 8780 --- [HotelTremvago] [           main] o.h.engine.jdbc.spi.SqlExceptionHelper   : SQL Warning Code: 0, SQLState: 00000
2024-09-18T23:55:23.970-04:00  WARN 8780 --- [HotelTremvago] [           main] o.h.engine.jdbc.spi.SqlExceptionHelper   : la tabla «usuario» no existe, omitiendo
Hibernate: create table cidade (id bigint generated by default as identity, cidade varchar(255) not null unique, estado varchar(255) not null, primary key (id), unique (cidade, estado))
Hibernate: create table hospede (data_nascimento timestamp(6) not null, id bigint generated by default as identity, quarto_id bigint, cpf varchar(255) not null, email varchar(255) not null, nome varchar(255) not null, rg varchar(255) not null, telefone varchar(255) not null, primary key (id))
Hibernate: create table hotel (cidade_id bigint, id bigint generated by default as identity, cep varchar(255) not null, cnpj varchar(255) not null unique, email varchar(255) not null unique, nome_fantasia varchar(255) not null, nome_juridico varchar(255) not null, telefone varchar(255) not null, primary key (id))
Hibernate: create table quarto (capacidade integer not null, hotel_id bigint, id bigint generated by default as identity, tipo_quarto_id bigint, nome varchar(255) not null, primary key (id))
Hibernate: create table reserva (total float(53), data_check_in timestamp(6), data_check_out timestamp(6), data_final timestamp(6) not null, data_inicio timestamp(6) not null, id bigint generated by default as identity, quarto_id bigint, usuario_id bigint, status varchar(255) check (status in ('OCUPADO','RESERVADO','CANCELADO')), primary key (id))
Hibernate: create table reserva_hospede (hospede_id bigint not null, reserva_id bigint not null)
Hibernate: create table reserva_hotel (hotel_id bigint not null, reserva_id bigint not null)
Hibernate: create table tipo_quarto (valor float(53), id bigint generated by default as identity, nome varchar(255) not null, primary key (id))
Hibernate: create table usuario (data_nascimento timestamp(6) not null, id bigint generated by default as identity, cpf varchar(255) not null unique, email varchar(255) not null unique, nome varchar(255) not null, rg varchar(255) not null unique, telefone varchar(255) not null, primary key (id))
Hibernate: alter table if exists hospede add constraint FKr7yitqlpfq9yf4fq79djhjlhc foreign key (quarto_id) references quarto
Hibernate: alter table if exists hotel add constraint FKqi5vy3k0knh5bw98ver15s26v foreign key (cidade_id) references cidade
Hibernate: alter table if exists quarto add constraint FKbhu21vdpg3s8bu57c3d9f7ldr foreign key (hotel_id) references hotel
Hibernate: alter table if exists quarto add constraint FK67cou8v3w87jg7p584wd5l12b foreign key (tipo_quarto_id) references tipo_quarto
Hibernate: alter table if exists reserva add constraint FKll90wdpmqcpwh6car9093ehxy foreign key (quarto_id) references quarto
Hibernate: alter table if exists reserva add constraint FKiad9w96t12u3ms2ul93l97mel foreign key (usuario_id) references usuario
Hibernate: alter table if exists reserva_hospede add constraint FKs2q76s2c0bcra2gbemvryqd1a foreign key (hospede_id) references hospede
Hibernate: alter table if exists reserva_hospede add constraint FKr1e0k9gy50ak1b9188no2ccrq foreign key (reserva_id) references reserva
Hibernate: alter table if exists reserva_hotel add constraint FKfwrc1woy4rdh0vwgdgx6tugll foreign key (hotel_id) references hotel
Hibernate: alter table if exists reserva_hotel add constraint FKa84o8yn4b262mbm8rxrsg1p7v foreign key (reserva_id) references reserva
2024-09-18T23:55:24.062-04:00  INFO 8780 --- [HotelTremvago] [           main] j.LocalContainerEntityManagerFactoryBean : Initialized JPA EntityManagerFactory for persistence unit 'default'
2024-09-18T23:55:24.519-04:00  INFO 8780 --- [HotelTremvago] [           main] o.s.d.j.r.query.QueryEnhancerFactory     : Hibernate is in classpath; If applicable, HQL parser will be used.
2024-09-18T23:55:24.724-04:00  WARN 8780 --- [HotelTremvago] [           main] JpaBaseConfiguration$JpaWebConfiguration : spring.jpa.open-in-view is enabled by default. Therefore, database queries may be performed during view rendering. Explicitly configure spring.jpa.open-in-view to disable this warning
2024-09-18T23:55:25.230-04:00  INFO 8780 --- [HotelTremvago] [           main] c.H.H.controllers.QuartoControllerTest   : Started QuartoControllerTest in 6.216 seconds (process running for 7.601)
]]></system-out>
  </testcase>
  <testcase name="testUpdateException" classname="com.HotelTremvago.HotelTremvago.controllers.QuartoControllerTest" time="0.007"/>
  <testcase name="testFindAll" classname="com.HotelTremvago.HotelTremvago.controllers.QuartoControllerTest" time="0.004"/>
  <testcase name="testFindByIdException" classname="com.HotelTremvago.HotelTremvago.controllers.QuartoControllerTest" time="0.004"/>
  <testcase name="testFindById" classname="com.HotelTremvago.HotelTremvago.controllers.QuartoControllerTest" time="0.004"/>
  <testcase name="testCriarQuartoTipoQuartoNotFound" classname="com.HotelTremvago.HotelTremvago.controllers.QuartoControllerTest" time="0.004"/>
  <testcase name="testDelete" classname="com.HotelTremvago.HotelTremvago.controllers.QuartoControllerTest" time="0.004"/>
  <testcase name="testFindAllException" classname="com.HotelTremvago.HotelTremvago.controllers.QuartoControllerTest" time="0.003"/>
  <testcase name="testUpdate" classname="com.HotelTremvago.HotelTremvago.controllers.QuartoControllerTest" time="0.003"/>
  <testcase name="testDeleteException" classname="com.HotelTremvago.HotelTremvago.controllers.QuartoControllerTest" time="0.004"/>
</testsuite>